21-03-18 09:02:06.162 : Model path: model_zoo\dncnn_gray_blind.pth
21-03-18 09:02:06.163 : Params number: 665921
21-03-18 09:02:06.163 : model_name:dncnn_gray_blind, image sigma:25
21-03-18 09:02:06.163 : testsets\bsd68
21-03-18 09:02:06.882 : test001.png - PSNR: 25.89 dB; SSIM: 0.7180.
21-03-18 09:02:06.976 : test002.png - PSNR: 30.22 dB; SSIM: 0.8705.
21-03-18 09:02:07.072 : test003.png - PSNR: 30.06 dB; SSIM: 0.8623.
21-03-18 09:02:07.167 : test004.png - PSNR: 30.69 dB; SSIM: 0.8486.
21-03-18 09:02:07.258 : test005.png - PSNR: 27.63 dB; SSIM: 0.8159.
21-03-18 09:02:07.348 : test006.png - PSNR: 33.01 dB; SSIM: 0.8983.
21-03-18 09:02:07.440 : test007.png - PSNR: 28.70 dB; SSIM: 0.8237.
21-03-18 09:02:07.532 : test008.png - PSNR: 26.23 dB; SSIM: 0.7664.
21-03-18 09:02:07.622 : test009.png - PSNR: 29.11 dB; SSIM: 0.8385.
21-03-18 09:02:07.712 : test010.png - PSNR: 29.79 dB; SSIM: 0.8210.
21-03-18 09:02:07.802 : test011.png - PSNR: 29.11 dB; SSIM: 0.8766.
21-03-18 09:02:07.893 : test012.png - PSNR: 28.41 dB; SSIM: 0.7848.
21-03-18 09:02:07.984 : test013.png - PSNR: 29.59 dB; SSIM: 0.8225.
21-03-18 09:02:08.074 : test014.png - PSNR: 30.90 dB; SSIM: 0.8542.
21-03-18 09:02:08.166 : test015.png - PSNR: 27.25 dB; SSIM: 0.7835.
21-03-18 09:02:08.266 : test016.png - PSNR: 28.15 dB; SSIM: 0.8557.
21-03-18 09:02:08.364 : test017.png - PSNR: 32.98 dB; SSIM: 0.8673.
21-03-18 09:02:08.459 : test018.png - PSNR: 33.03 dB; SSIM: 0.8912.
21-03-18 09:02:08.556 : test019.png - PSNR: 28.10 dB; SSIM: 0.7986.
21-03-18 09:02:08.650 : test020.png - PSNR: 28.89 dB; SSIM: 0.8400.
21-03-18 09:02:08.751 : test021.png - PSNR: 26.40 dB; SSIM: 0.8709.
21-03-18 09:02:08.846 : test022.png - PSNR: 27.17 dB; SSIM: 0.8108.
21-03-18 09:02:08.945 : test023.png - PSNR: 28.94 dB; SSIM: 0.8617.
21-03-18 09:02:09.044 : test024.png - PSNR: 28.73 dB; SSIM: 0.8599.
21-03-18 09:02:09.149 : test025.png - PSNR: 29.49 dB; SSIM: 0.9109.
21-03-18 09:02:09.259 : test026.png - PSNR: 28.60 dB; SSIM: 0.7960.
21-03-18 09:02:09.367 : test027.png - PSNR: 30.04 dB; SSIM: 0.8265.
21-03-18 09:02:09.461 : test028.png - PSNR: 33.22 dB; SSIM: 0.8836.
21-03-18 09:02:09.561 : test029.png - PSNR: 24.32 dB; SSIM: 0.8263.
21-03-18 09:02:09.661 : test030.png - PSNR: 29.90 dB; SSIM: 0.8047.
21-03-18 09:02:09.759 : test031.png - PSNR: 24.62 dB; SSIM: 0.8121.
21-03-18 09:02:09.853 : test032.png - PSNR: 26.65 dB; SSIM: 0.8121.
21-03-18 09:02:09.949 : test033.png - PSNR: 27.93 dB; SSIM: 0.8940.
21-03-18 09:02:10.047 : test034.png - PSNR: 33.63 dB; SSIM: 0.8689.
21-03-18 09:02:10.144 : test035.png - PSNR: 28.14 dB; SSIM: 0.7964.
21-03-18 09:02:10.235 : test036.png - PSNR: 27.18 dB; SSIM: 0.4874.
21-03-18 09:02:10.325 : test037.png - PSNR: 28.51 dB; SSIM: 0.7692.
21-03-18 09:02:10.419 : test038.png - PSNR: 29.14 dB; SSIM: 0.8028.
21-03-18 09:02:10.512 : test039.png - PSNR: 33.15 dB; SSIM: 0.9095.
21-03-18 09:02:10.603 : test040.png - PSNR: 29.49 dB; SSIM: 0.7886.
21-03-18 09:02:10.694 : test041.png - PSNR: 28.00 dB; SSIM: 0.8155.
21-03-18 09:02:10.786 : test042.png - PSNR: 29.69 dB; SSIM: 0.8110.
21-03-18 09:02:10.878 : test043.png - PSNR: 30.49 dB; SSIM: 0.8852.
21-03-18 09:02:10.969 : test044.png - PSNR: 27.68 dB; SSIM: 0.8470.
21-03-18 09:02:11.062 : test045.png - PSNR: 33.65 dB; SSIM: 0.8671.
21-03-18 09:02:11.153 : test046.png - PSNR: 26.44 dB; SSIM: 0.7841.
21-03-18 09:02:11.247 : test047.png - PSNR: 26.61 dB; SSIM: 0.7798.
21-03-18 09:02:11.343 : test048.png - PSNR: 30.06 dB; SSIM: 0.9155.
21-03-18 09:02:11.434 : test049.png - PSNR: 31.56 dB; SSIM: 0.8174.
21-03-18 09:02:11.526 : test050.png - PSNR: 26.92 dB; SSIM: 0.7765.
21-03-18 09:02:11.628 : test051.png - PSNR: 28.52 dB; SSIM: 0.8094.
21-03-18 09:02:11.718 : test052.png - PSNR: 32.08 dB; SSIM: 0.8302.
21-03-18 09:02:11.808 : test053.png - PSNR: 31.11 dB; SSIM: 0.7708.
21-03-18 09:02:11.909 : test054.png - PSNR: 29.23 dB; SSIM: 0.8259.
21-03-18 09:02:12.011 : test055.png - PSNR: 27.68 dB; SSIM: 0.7887.
21-03-18 09:02:12.101 : test056.png - PSNR: 24.03 dB; SSIM: 0.7691.
21-03-18 09:02:12.192 : test057.png - PSNR: 28.32 dB; SSIM: 0.8124.
21-03-18 09:02:12.282 : test058.png - PSNR: 30.95 dB; SSIM: 0.7861.
21-03-18 09:02:12.412 : test059.png - PSNR: 30.43 dB; SSIM: 0.7825.
21-03-18 09:02:12.503 : test060.png - PSNR: 31.00 dB; SSIM: 0.7960.
21-03-18 09:02:12.593 : test061.png - PSNR: 30.24 dB; SSIM: 0.7977.
21-03-18 09:02:12.690 : test062.png - PSNR: 34.09 dB; SSIM: 0.9364.
21-03-18 09:02:12.783 : test063.png - PSNR: 26.57 dB; SSIM: 0.8238.
21-03-18 09:02:12.875 : test064.png - PSNR: 26.72 dB; SSIM: 0.7169.
21-03-18 09:02:12.969 : test065.png - PSNR: 29.00 dB; SSIM: 0.8221.
21-03-18 09:02:13.066 : test066.png - PSNR: 38.21 dB; SSIM: 0.9634.
21-03-18 09:02:13.161 : test067.png - PSNR: 24.74 dB; SSIM: 0.8418.
21-03-18 09:02:13.251 : test068.png - PSNR: 26.14 dB; SSIM: 0.8566.
21-03-18 09:02:13.254 : Average PSNR/SSIM(RGB) - bsd68_dncnn_gray_blind - PSNR: 29.16 dB; SSIM: 0.8244
