21-03-18 08:58:30.771 : Model path: model_zoo\dncnn_25.pth
21-03-18 08:58:30.771 : Params number: 555137
21-03-18 08:58:30.772 : model_name:dncnn_25, image sigma:25
21-03-18 08:58:30.772 : testsets\bsd68
21-03-18 09:00:52.893 : Model path: model_zoo\dncnn_25.pth
21-03-18 09:00:52.893 : Params number: 555137
21-03-18 09:00:52.894 : model_name:dncnn_25, image sigma:25
21-03-18 09:00:52.894 : testsets\bsd68
21-03-18 09:00:54.736 : test001.png - PSNR: 25.96 dB; SSIM: 0.7297.
21-03-18 09:00:54.823 : test002.png - PSNR: 30.29 dB; SSIM: 0.8731.
21-03-18 09:00:54.908 : test003.png - PSNR: 30.17 dB; SSIM: 0.8651.
21-03-18 09:00:54.994 : test004.png - PSNR: 30.74 dB; SSIM: 0.8510.
21-03-18 09:00:55.078 : test005.png - PSNR: 27.68 dB; SSIM: 0.8188.
21-03-18 09:00:55.161 : test006.png - PSNR: 33.07 dB; SSIM: 0.8990.
21-03-18 09:00:55.246 : test007.png - PSNR: 28.76 dB; SSIM: 0.8236.
21-03-18 09:00:55.330 : test008.png - PSNR: 26.29 dB; SSIM: 0.7649.
21-03-18 09:00:55.414 : test009.png - PSNR: 29.14 dB; SSIM: 0.8394.
21-03-18 09:00:55.500 : test010.png - PSNR: 29.84 dB; SSIM: 0.8208.
21-03-18 09:00:55.584 : test011.png - PSNR: 29.17 dB; SSIM: 0.8781.
21-03-18 09:00:55.669 : test012.png - PSNR: 28.45 dB; SSIM: 0.7852.
21-03-18 09:00:55.753 : test013.png - PSNR: 29.62 dB; SSIM: 0.8221.
21-03-18 09:00:55.838 : test014.png - PSNR: 30.94 dB; SSIM: 0.8549.
21-03-18 09:00:55.923 : test015.png - PSNR: 27.31 dB; SSIM: 0.7848.
21-03-18 09:00:56.007 : test016.png - PSNR: 28.23 dB; SSIM: 0.8555.
21-03-18 09:00:56.092 : test017.png - PSNR: 33.00 dB; SSIM: 0.8684.
21-03-18 09:00:56.175 : test018.png - PSNR: 33.08 dB; SSIM: 0.8940.
21-03-18 09:00:56.259 : test019.png - PSNR: 28.32 dB; SSIM: 0.8173.
21-03-18 09:00:56.344 : test020.png - PSNR: 28.99 dB; SSIM: 0.8446.
21-03-18 09:00:56.430 : test021.png - PSNR: 26.46 dB; SSIM: 0.8715.
21-03-18 09:00:56.514 : test022.png - PSNR: 27.21 dB; SSIM: 0.8109.
21-03-18 09:00:56.599 : test023.png - PSNR: 29.00 dB; SSIM: 0.8635.
21-03-18 09:00:56.684 : test024.png - PSNR: 28.78 dB; SSIM: 0.8606.
21-03-18 09:00:56.767 : test025.png - PSNR: 29.56 dB; SSIM: 0.9132.
21-03-18 09:00:56.854 : test026.png - PSNR: 28.65 dB; SSIM: 0.7987.
21-03-18 09:00:56.937 : test027.png - PSNR: 30.09 dB; SSIM: 0.8275.
21-03-18 09:00:57.021 : test028.png - PSNR: 33.22 dB; SSIM: 0.8835.
21-03-18 09:00:57.106 : test029.png - PSNR: 24.49 dB; SSIM: 0.8370.
21-03-18 09:00:57.191 : test030.png - PSNR: 29.94 dB; SSIM: 0.8045.
21-03-18 09:00:57.276 : test031.png - PSNR: 24.70 dB; SSIM: 0.8156.
21-03-18 09:00:57.360 : test032.png - PSNR: 26.71 dB; SSIM: 0.8126.
21-03-18 09:00:57.444 : test033.png - PSNR: 27.98 dB; SSIM: 0.8964.
21-03-18 09:00:57.530 : test034.png - PSNR: 33.68 dB; SSIM: 0.8690.
21-03-18 09:00:57.614 : test035.png - PSNR: 28.17 dB; SSIM: 0.7989.
21-03-18 09:00:57.697 : test036.png - PSNR: 27.53 dB; SSIM: 0.5474.
21-03-18 09:00:57.782 : test037.png - PSNR: 28.63 dB; SSIM: 0.7817.
21-03-18 09:00:57.868 : test038.png - PSNR: 29.23 dB; SSIM: 0.8035.
21-03-18 09:00:57.955 : test039.png - PSNR: 33.26 dB; SSIM: 0.9127.
21-03-18 09:00:58.040 : test040.png - PSNR: 29.52 dB; SSIM: 0.7888.
21-03-18 09:00:58.125 : test041.png - PSNR: 28.10 dB; SSIM: 0.8227.
21-03-18 09:00:58.209 : test042.png - PSNR: 29.75 dB; SSIM: 0.8131.
21-03-18 09:00:58.294 : test043.png - PSNR: 30.55 dB; SSIM: 0.8870.
21-03-18 09:00:58.379 : test044.png - PSNR: 27.80 dB; SSIM: 0.8511.
21-03-18 09:00:58.464 : test045.png - PSNR: 33.67 dB; SSIM: 0.8674.
21-03-18 09:00:58.551 : test046.png - PSNR: 26.49 dB; SSIM: 0.7846.
21-03-18 09:00:58.645 : test047.png - PSNR: 26.70 dB; SSIM: 0.7858.
21-03-18 09:00:58.730 : test048.png - PSNR: 30.11 dB; SSIM: 0.9166.
21-03-18 09:00:58.813 : test049.png - PSNR: 31.61 dB; SSIM: 0.8180.
21-03-18 09:00:58.897 : test050.png - PSNR: 26.99 dB; SSIM: 0.7816.
21-03-18 09:00:58.981 : test051.png - PSNR: 28.66 dB; SSIM: 0.8124.
21-03-18 09:00:59.066 : test052.png - PSNR: 32.12 dB; SSIM: 0.8304.
21-03-18 09:00:59.157 : test053.png - PSNR: 31.17 dB; SSIM: 0.7753.
21-03-18 09:00:59.252 : test054.png - PSNR: 29.28 dB; SSIM: 0.8257.
21-03-18 09:00:59.343 : test055.png - PSNR: 27.71 dB; SSIM: 0.7888.
21-03-18 09:00:59.431 : test056.png - PSNR: 24.11 dB; SSIM: 0.7774.
21-03-18 09:00:59.518 : test057.png - PSNR: 28.39 dB; SSIM: 0.8176.
21-03-18 09:00:59.603 : test058.png - PSNR: 30.95 dB; SSIM: 0.7873.
21-03-18 09:00:59.688 : test059.png - PSNR: 30.47 dB; SSIM: 0.7856.
21-03-18 09:00:59.773 : test060.png - PSNR: 31.06 dB; SSIM: 0.7998.
21-03-18 09:00:59.858 : test061.png - PSNR: 30.29 dB; SSIM: 0.7997.
21-03-18 09:00:59.947 : test062.png - PSNR: 34.17 dB; SSIM: 0.9368.
21-03-18 09:01:00.033 : test063.png - PSNR: 26.63 dB; SSIM: 0.8242.
21-03-18 09:01:00.121 : test064.png - PSNR: 26.80 dB; SSIM: 0.7252.
21-03-18 09:01:00.207 : test065.png - PSNR: 29.04 dB; SSIM: 0.8231.
21-03-18 09:01:00.292 : test066.png - PSNR: 38.36 dB; SSIM: 0.9664.
21-03-18 09:01:00.380 : test067.png - PSNR: 24.80 dB; SSIM: 0.8444.
21-03-18 09:01:00.465 : test068.png - PSNR: 26.21 dB; SSIM: 0.8605.
21-03-18 09:01:00.467 : Average PSNR/SSIM(RGB) - bsd68_dncnn_25 - PSNR: 29.23 dB; SSIM: 0.8279
